<?xml version="1.0" encoding="UTF-8"?>
<!-- Generated by org.testng.reporters.JUnitXMLReporter -->
<testsuite ignored="0" hostname="DESKTOP-L28IVB5" failures="0" tests="19" name="Command line test" time="0.07" errors="0" timestamp="2021-10-02T18:53:22 IST">
  <testcase classname="Com.TestLayer.ContactPageTest" name="@BeforeClass setUp" time="0.01">
    <failure type="java.lang.NullPointerException">
      <![CDATA[java.lang.NullPointerException
at java.base/java.util.concurrent.ConcurrentHashMap.putVal(ConcurrentHashMap.java:1011)
at java.base/java.util.concurrent.ConcurrentHashMap.put(ConcurrentHashMap.java:1006)
at java.base/java.util.Properties.put(Properties.java:1334)
at java.base/java.util.Properties.setProperty(Properties.java:229)
at java.base/java.lang.System.setProperty(System.java:915)
at Com.BaseLayer.BaseClass.initilization(BaseClass.java:38)
at Com.TestLayer.ContactPageTest.setUp(ContactPageTest.java:21)
at java.base/java.util.ArrayList.forEach(ArrayList.java:1511)
... Removed 35 stack frames]]>
    </failure>
  </testcase> <!-- @BeforeClass setUp -->
  <testcase classname="Com.TestLayer.ContactPageTest" name="@AfterClass tearDown" time="-1.633181002462E9">
    <skipped/>
  </testcase> <!-- @AfterClass tearDown -->
  <testcase classname="Com.TestLayer.HomePageTest" name="@BeforeClass setUp" time="0.0">
    <failure type="java.lang.NullPointerException">
      <![CDATA[java.lang.NullPointerException
at java.base/java.util.concurrent.ConcurrentHashMap.putVal(ConcurrentHashMap.java:1011)
at java.base/java.util.concurrent.ConcurrentHashMap.put(ConcurrentHashMap.java:1006)
at java.base/java.util.Properties.put(Properties.java:1334)
at java.base/java.util.Properties.setProperty(Properties.java:229)
at java.base/java.lang.System.setProperty(System.java:915)
at Com.BaseLayer.BaseClass.initilization(BaseClass.java:38)
at Com.TestLayer.HomePageTest.setUp(HomePageTest.java:17)
at java.base/java.util.ArrayList.forEach(ArrayList.java:1511)
... Removed 35 stack frames]]>
    </failure>
  </testcase> <!-- @BeforeClass setUp -->
  <testcase classname="Com.TestLayer.HomePageTest" name="@AfterClass tearDown" time="-1.63318100247E9">
    <skipped/>
  </testcase> <!-- @AfterClass tearDown -->
  <testcase classname="Com.TestLayer.LoginPageTest" name="@BeforeClass setUp" time="0.0">
    <failure type="java.lang.NullPointerException">
      <![CDATA[java.lang.NullPointerException
at java.base/java.util.concurrent.ConcurrentHashMap.putVal(ConcurrentHashMap.java:1011)
at java.base/java.util.concurrent.ConcurrentHashMap.put(ConcurrentHashMap.java:1006)
at java.base/java.util.Properties.put(Properties.java:1334)
at java.base/java.util.Properties.setProperty(Properties.java:229)
at java.base/java.lang.System.setProperty(System.java:915)
at Com.BaseLayer.BaseClass.initilization(BaseClass.java:38)
at Com.TestLayer.LoginPageTest.setUp(LoginPageTest.java:15)
at java.base/java.util.ArrayList.forEach(ArrayList.java:1511)
... Removed 35 stack frames]]>
    </failure>
  </testcase> <!-- @BeforeClass setUp -->
  <testcase classname="Com.TestLayer.LoginPageTest" name="@AfterClass tearDown" time="-1.633181002474E9">
    <skipped/>
  </testcase> <!-- @AfterClass tearDown -->
  <testcase classname="Com.TestLayer.ContactPageTest" name="validateLoginFunctionality" time="0.0">
    <skipped/>
  </testcase> <!-- validateLoginFunctionality -->
  <testcase classname="Com.TestLayer.ContactPageTest" name="validateHomePageTitle" time="0.0">
    <skipped/>
  </testcase> <!-- validateHomePageTitle -->
  <testcase classname="Com.TestLayer.ContactPageTest" name="validateHomePageLogo" time="0.0">
    <skipped/>
  </testcase> <!-- validateHomePageLogo -->
  <testcase classname="Com.TestLayer.ContactPageTest" name="validateCreateButton" time="0.0">
    <skipped/>
  </testcase> <!-- validateCreateButton -->
  <testcase classname="Com.TestLayer.ContactPageTest" name="validateFirstName" time="0.0">
    <skipped/>
  </testcase> <!-- validateFirstName -->
  <testcase classname="Com.TestLayer.ContactPageTest" name="valideLastName" time="0.0">
    <skipped/>
  </testcase> <!-- valideLastName -->
  <testcase classname="Com.TestLayer.ContactPageTest" name="validateMiddleName" time="0.0">
    <skipped/>
  </testcase> <!-- validateMiddleName -->
  <testcase classname="Com.TestLayer.ContactPageTest" name="validatepublicAccess" time="0.0">
    <skipped/>
  </testcase> <!-- validatepublicAccess -->
  <testcase classname="Com.TestLayer.ContactPageTest" name="validateDp" time="0.0">
    <skipped/>
  </testcase> <!-- validateDp -->
  <testcase classname="Com.TestLayer.ContactPageTest" name="validateSaveButton" time="0.0">
    <skipped/>
  </testcase> <!-- validateSaveButton -->
  <testcase classname="Com.TestLayer.HomePageTest" name="validateLoginPage" time="0.0">
    <skipped/>
  </testcase> <!-- validateLoginPage -->
  <testcase classname="Com.TestLayer.HomePageTest" name="validateHomePageLogo" time="0.0">
    <skipped/>
  </testcase> <!-- validateHomePageLogo -->
  <testcase classname="Com.TestLayer.HomePageTest" name="validateLoggedUsername" time="0.0">
    <skipped/>
  </testcase> <!-- validateLoggedUsername -->
  <testcase classname="Com.TestLayer.HomePageTest" name="validateHomePageTitle" time="0.0">
    <skipped/>
  </testcase> <!-- validateHomePageTitle -->
  <testcase classname="Com.TestLayer.HomePageTest" name="validateHomeUrl" time="0.0">
    <skipped/>
  </testcase> <!-- validateHomeUrl -->
  <testcase classname="Com.TestLayer.HomePageTest" name="validateContactLink" time="0.0">
    <skipped/>
  </testcase> <!-- validateContactLink -->
  <testcase classname="Com.TestLayer.HomePageTest" name="validateDealsLink" time="0.0">
    <skipped/>
  </testcase> <!-- validateDealsLink -->
  <testcase classname="Com.TestLayer.HomePageTest" name="validateCompanies" time="0.0">
    <skipped/>
  </testcase> <!-- validateCompanies -->
  <testcase classname="Com.TestLayer.LoginPageTest" name="validateLoginFunctionality" time="0.0">
    <skipped/>
  </testcase> <!-- validateLoginFunctionality -->
</testsuite> <!-- Command line test -->
