<?xml version="1.0" encoding="UTF-8" ?>
<testsuite tests="25" failures="3" name="TestSuite" time="0.768" errors="0" skipped="22">
  <properties>
[...]
</properties>
  <testcase classname="Com.TestLayer.ContactPageTest" name="setUp" time="0.756">
    <failure type="java.lang.NullPointerException">java.lang.NullPointerException
	at java.base/java.util.concurrent.ConcurrentHashMap.putVal(ConcurrentHashMap.java:1011)
	at java.base/java.util.concurrent.ConcurrentHashMap.put(ConcurrentHashMap.java:1006)
	at java.base/java.util.Properties.put(Properties.java:1334)
	at java.base/java.util.Properties.setProperty(Properties.java:229)
	at java.base/java.lang.System.setProperty(System.java:915)
	at Com.BaseLayer.BaseClass.initilization(BaseClass.java:38)
	at Com.TestLayer.ContactPageTest.setUp(ContactPageTest.java:21)
</failure>
    <system-out>Configuring TestNG with: org.apache.maven.surefire.testng.conf.TestNG652Configurator@1d8d30f7
</system-out>
  </testcase>
  <testcase classname="Com.TestLayer.ContactPageTest" name="validateLoginFunctionality" time="0.001">
    <skipped/>
  </testcase>
  <testcase classname="Com.TestLayer.ContactPageTest" name="validateHomePageTitle" time="0">
    <skipped/>
  </testcase>
  <testcase classname="Com.TestLayer.ContactPageTest" name="validateHomePageLogo" time="0">
    <skipped/>
  </testcase>
  <testcase classname="Com.TestLayer.ContactPageTest" name="validateCreateButton" time="0.001">
    <skipped/>
  </testcase>
  <testcase classname="Com.TestLayer.ContactPageTest" name="validateFirstName" time="0">
    <skipped/>
  </testcase>
  <testcase classname="Com.TestLayer.ContactPageTest" name="valideLastName" time="0">
    <skipped/>
  </testcase>
  <testcase classname="Com.TestLayer.ContactPageTest" name="validateMiddleName" time="0">
    <skipped/>
  </testcase>
  <testcase classname="Com.TestLayer.ContactPageTest" name="validatepublicAccess" time="0">
    <skipped/>
  </testcase>
  <testcase classname="Com.TestLayer.ContactPageTest" name="validateDp" time="0">
    <skipped/>
  </testcase>
  <testcase classname="Com.TestLayer.ContactPageTest" name="validateSaveButton" time="0">
    <skipped/>
  </testcase>
  <testcase classname="Com.TestLayer.ContactPageTest" name="tearDown" time="0.001">
    <skipped/>
  </testcase>
  <testcase classname="Com.TestLayer.HomePageTest" name="setUp" time="0.002">
    <failure type="java.lang.NullPointerException">java.lang.NullPointerException
	at java.base/java.util.concurrent.ConcurrentHashMap.putVal(ConcurrentHashMap.java:1011)
	at java.base/java.util.concurrent.ConcurrentHashMap.put(ConcurrentHashMap.java:1006)
	at java.base/java.util.Properties.put(Properties.java:1334)
	at java.base/java.util.Properties.setProperty(Properties.java:229)
	at java.base/java.lang.System.setProperty(System.java:915)
	at Com.BaseLayer.BaseClass.initilization(BaseClass.java:38)
	at Com.TestLayer.HomePageTest.setUp(HomePageTest.java:17)
</failure>
  </testcase>
  <testcase classname="Com.TestLayer.HomePageTest" name="validateLoginPage" time="0">
    <skipped/>
  </testcase>
  <testcase classname="Com.TestLayer.HomePageTest" name="validateHomePageLogo" time="0.001">
    <skipped/>
  </testcase>
  <testcase classname="Com.TestLayer.HomePageTest" name="validateLoggedUsername" time="0">
    <skipped/>
  </testcase>
  <testcase classname="Com.TestLayer.HomePageTest" name="validateHomePageTitle" time="0">
    <skipped/>
  </testcase>
  <testcase classname="Com.TestLayer.HomePageTest" name="validateHomeUrl" time="0">
    <skipped/>
  </testcase>
  <testcase classname="Com.TestLayer.HomePageTest" name="validateContactLink" time="0.001">
    <skipped/>
  </testcase>
  <testcase classname="Com.TestLayer.HomePageTest" name="validateDealsLink" time="0">
    <skipped/>
  </testcase>
  <testcase classname="Com.TestLayer.HomePageTest" name="validateCompanies" time="0">
    <skipped/>
  </testcase>
  <testcase classname="Com.TestLayer.HomePageTest" name="tearDown" time="0">
    <skipped/>
  </testcase>
  <testcase classname="Com.TestLayer.LoginPageTest" name="setUp" time="0.003">
    <failure type="java.lang.NullPointerException">java.lang.NullPointerException
	at java.base/java.util.concurrent.ConcurrentHashMap.putVal(ConcurrentHashMap.java:1011)
	at java.base/java.util.concurrent.ConcurrentHashMap.put(ConcurrentHashMap.java:1006)
	at java.base/java.util.Properties.put(Properties.java:1334)
	at java.base/java.util.Properties.setProperty(Properties.java:229)
	at java.base/java.lang.System.setProperty(System.java:915)
	at Com.BaseLayer.BaseClass.initilization(BaseClass.java:38)
	at Com.TestLayer.LoginPageTest.setUp(LoginPageTest.java:15)
</failure>
  </testcase>
  <testcase classname="Com.TestLayer.LoginPageTest" name="validateLoginFunctionality" time="0">
    <skipped/>
  </testcase>
  <testcase classname="Com.TestLayer.LoginPageTest" name="tearDown" time="0.002">
    <skipped/>
  </testcase>
</testsuite>