<?xml version="1.0" encoding="UTF-8"?>
<testng-results ignored="0" total="10" passed="10" failed="0" skipped="0">
  <reporter-output>
  </reporter-output>
  <suite started-at="2021-09-29T20:37:28 IST" name="Free CRM Application" finished-at="2021-09-29T20:37:46 IST" duration-ms="17359">
    <groups>
    </groups>
    <test started-at="2021-09-29T20:37:28 IST" name="End to End Testing" finished-at="2021-09-29T20:37:46 IST" duration-ms="17359">
      <class name="Com.TestLayer.ContactPageTest">
        <test-method is-config="true" signature="setUp()[pri:0, instance:Com.TestLayer.ContactPageTest@13b13b5d]" started-at="2021-09-29T20:37:28 IST" name="setUp" finished-at="2021-09-29T20:37:34 IST" duration-ms="5438" status="PASS">
          <reporter-output>
          </reporter-output>
        </test-method> <!-- setUp -->
        <test-method signature="validateLoginFunctionality()[pri:1, instance:Com.TestLayer.ContactPageTest@13b13b5d]" started-at="2021-09-29T20:37:34 IST" name="validateLoginFunctionality" finished-at="2021-09-29T20:37:37 IST" duration-ms="2849" status="PASS">
          <reporter-output>
          </reporter-output>
        </test-method> <!-- validateLoginFunctionality -->
        <test-method signature="validateHomePageTitle()[pri:2, instance:Com.TestLayer.ContactPageTest@13b13b5d]" started-at="2021-09-29T20:37:37 IST" name="validateHomePageTitle" finished-at="2021-09-29T20:37:37 IST" duration-ms="26" status="PASS">
          <reporter-output>
          </reporter-output>
        </test-method> <!-- validateHomePageTitle -->
        <test-method signature="validateHomePageLogo()[pri:3, instance:Com.TestLayer.ContactPageTest@13b13b5d]" started-at="2021-09-29T20:37:37 IST" name="validateHomePageLogo" finished-at="2021-09-29T20:37:41 IST" duration-ms="4316" status="PASS">
          <reporter-output>
          </reporter-output>
        </test-method> <!-- validateHomePageLogo -->
        <test-method signature="validateCreateButton()[pri:4, instance:Com.TestLayer.ContactPageTest@13b13b5d]" started-at="2021-09-29T20:37:41 IST" name="validateCreateButton" finished-at="2021-09-29T20:37:42 IST" duration-ms="781" status="PASS">
          <reporter-output>
          </reporter-output>
        </test-method> <!-- validateCreateButton -->
        <test-method signature="validateFirstName()[pri:5, instance:Com.TestLayer.ContactPageTest@13b13b5d]" started-at="2021-09-29T20:37:42 IST" name="validateFirstName" finished-at="2021-09-29T20:37:43 IST" duration-ms="1146" status="PASS">
          <reporter-output>
          </reporter-output>
        </test-method> <!-- validateFirstName -->
        <test-method signature="valideLastName()[pri:6, instance:Com.TestLayer.ContactPageTest@13b13b5d]" started-at="2021-09-29T20:37:43 IST" name="valideLastName" finished-at="2021-09-29T20:37:44 IST" duration-ms="660" status="PASS">
          <reporter-output>
          </reporter-output>
        </test-method> <!-- valideLastName -->
        <test-method signature="validateMiddleName()[pri:7, instance:Com.TestLayer.ContactPageTest@13b13b5d]" started-at="2021-09-29T20:37:44 IST" name="validateMiddleName" finished-at="2021-09-29T20:37:44 IST" duration-ms="522" status="PASS">
          <reporter-output>
          </reporter-output>
        </test-method> <!-- validateMiddleName -->
        <test-method signature="validatepublicAccess()[pri:8, instance:Com.TestLayer.ContactPageTest@13b13b5d]" started-at="2021-09-29T20:37:44 IST" name="validatepublicAccess" finished-at="2021-09-29T20:37:45 IST" duration-ms="345" status="PASS">
          <reporter-output>
          </reporter-output>
        </test-method> <!-- validatepublicAccess -->
        <test-method signature="validateDp()[pri:9, instance:Com.TestLayer.ContactPageTest@13b13b5d]" started-at="2021-09-29T20:37:45 IST" name="validateDp" finished-at="2021-09-29T20:37:45 IST" duration-ms="434" status="PASS">
          <reporter-output>
          </reporter-output>
        </test-method> <!-- validateDp -->
        <test-method signature="validateSaveButton()[pri:10, instance:Com.TestLayer.ContactPageTest@13b13b5d]" started-at="2021-09-29T20:37:45 IST" name="validateSaveButton" finished-at="2021-09-29T20:37:45 IST" duration-ms="293" status="PASS">
          <reporter-output>
          </reporter-output>
        </test-method> <!-- validateSaveButton -->
        <test-method is-config="true" signature="tearDown()[pri:0, instance:Com.TestLayer.ContactPageTest@13b13b5d]" started-at="2021-09-29T20:37:45 IST" name="tearDown" finished-at="2021-09-29T20:37:46 IST" duration-ms="428" status="PASS">
          <reporter-output>
          </reporter-output>
        </test-method> <!-- tearDown -->
      </class> <!-- Com.TestLayer.ContactPageTest -->
    </test> <!-- End to End Testing -->
  </suite> <!-- Free CRM Application -->
</testng-results>
