<?xml version="1.0" encoding="UTF-8"?>
<testng-results ignored="0" total="10" passed="10" failed="0" skipped="0">
  <reporter-output>
  </reporter-output>
  <suite started-at="2021-10-03T20:28:05 IST" name="Free CRM Application" finished-at="2021-10-03T20:28:30 IST" duration-ms="24533">
    <groups>
    </groups>
    <test started-at="2021-10-03T20:28:05 IST" name="End to End Testing" finished-at="2021-10-03T20:28:30 IST" duration-ms="24533">
      <class name="Com.TestLayer.ContactPageTest">
        <test-method is-config="true" signature="abc()[pri:0, instance:Com.TestLayer.ContactPageTest@4944252c]" started-at="2021-10-03T20:28:05 IST" name="abc" finished-at="2021-10-03T20:28:05 IST" duration-ms="12" status="PASS">
          <reporter-output>
          </reporter-output>
        </test-method> <!-- abc -->
        <test-method is-config="true" signature="setUp()[pri:0, instance:Com.TestLayer.ContactPageTest@4944252c]" started-at="2021-10-03T20:28:05 IST" name="setUp" finished-at="2021-10-03T20:28:09 IST" duration-ms="3172" status="PASS">
          <reporter-output>
          </reporter-output>
        </test-method> <!-- setUp -->
        <test-method signature="validateLoginFunctionality()[pri:1, instance:Com.TestLayer.ContactPageTest@4944252c]" started-at="2021-10-03T20:28:09 IST" name="validateLoginFunctionality" finished-at="2021-10-03T20:28:21 IST" duration-ms="12051" status="PASS">
          <reporter-output>
          </reporter-output>
        </test-method> <!-- validateLoginFunctionality -->
        <test-method signature="validateHomePageTitle()[pri:2, instance:Com.TestLayer.ContactPageTest@4944252c]" started-at="2021-10-03T20:28:21 IST" name="validateHomePageTitle" finished-at="2021-10-03T20:28:21 IST" duration-ms="11" status="PASS">
          <reporter-output>
          </reporter-output>
        </test-method> <!-- validateHomePageTitle -->
        <test-method signature="validateHomePageLogo()[pri:3, instance:Com.TestLayer.ContactPageTest@4944252c]" started-at="2021-10-03T20:28:21 IST" name="validateHomePageLogo" finished-at="2021-10-03T20:28:25 IST" duration-ms="4131" status="PASS">
          <reporter-output>
          </reporter-output>
        </test-method> <!-- validateHomePageLogo -->
        <test-method signature="validateCreateButton()[pri:4, instance:Com.TestLayer.ContactPageTest@4944252c]" started-at="2021-10-03T20:28:26 IST" name="validateCreateButton" finished-at="2021-10-03T20:28:26 IST" duration-ms="249" status="PASS">
          <reporter-output>
          </reporter-output>
        </test-method> <!-- validateCreateButton -->
        <test-method signature="validateFirstName()[pri:5, instance:Com.TestLayer.ContactPageTest@4944252c]" started-at="2021-10-03T20:28:26 IST" name="validateFirstName" finished-at="2021-10-03T20:28:27 IST" duration-ms="926" status="PASS">
          <reporter-output>
          </reporter-output>
        </test-method> <!-- validateFirstName -->
        <test-method signature="valideLastName()[pri:6, instance:Com.TestLayer.ContactPageTest@4944252c]" started-at="2021-10-03T20:28:27 IST" name="valideLastName" finished-at="2021-10-03T20:28:28 IST" duration-ms="273" status="PASS">
          <reporter-output>
          </reporter-output>
        </test-method> <!-- valideLastName -->
        <test-method signature="validateMiddleName()[pri:7, instance:Com.TestLayer.ContactPageTest@4944252c]" started-at="2021-10-03T20:28:28 IST" name="validateMiddleName" finished-at="2021-10-03T20:28:28 IST" duration-ms="285" status="PASS">
          <reporter-output>
          </reporter-output>
        </test-method> <!-- validateMiddleName -->
        <test-method signature="validatepublicAccess()[pri:8, instance:Com.TestLayer.ContactPageTest@4944252c]" started-at="2021-10-03T20:28:28 IST" name="validatepublicAccess" finished-at="2021-10-03T20:28:28 IST" duration-ms="155" status="PASS">
          <reporter-output>
          </reporter-output>
        </test-method> <!-- validatepublicAccess -->
        <test-method signature="validateDp()[pri:9, instance:Com.TestLayer.ContactPageTest@4944252c]" started-at="2021-10-03T20:28:29 IST" name="validateDp" finished-at="2021-10-03T20:28:29 IST" duration-ms="227" status="PASS">
          <reporter-output>
          </reporter-output>
        </test-method> <!-- validateDp -->
        <test-method signature="validateSaveButton()[pri:10, instance:Com.TestLayer.ContactPageTest@4944252c]" started-at="2021-10-03T20:28:29 IST" name="validateSaveButton" finished-at="2021-10-03T20:28:29 IST" duration-ms="169" status="PASS">
          <reporter-output>
          </reporter-output>
        </test-method> <!-- validateSaveButton -->
        <test-method is-config="true" signature="tearDown()[pri:0, instance:Com.TestLayer.ContactPageTest@4944252c]" started-at="2021-10-03T20:28:29 IST" name="tearDown" finished-at="2021-10-03T20:28:30 IST" duration-ms="224" status="PASS">
          <reporter-output>
          </reporter-output>
        </test-method> <!-- tearDown -->
      </class> <!-- Com.TestLayer.ContactPageTest -->
    </test> <!-- End to End Testing -->
  </suite> <!-- Free CRM Application -->
</testng-results>
