<?xml version="1.0" encoding="UTF-8"?>
<!-- Generated by org.testng.reporters.JUnitXMLReporter -->
<testsuite ignored="0" hostname="DESKTOP-L28IVB5" failures="0" tests="10" name="End to End Testing" time="24.533" errors="0" timestamp="2021-10-03T20:28:30 IST">
  <testcase classname="Com.TestLayer.ContactPageTest" name="validateLoginFunctionality" time="12.051"/>
  <testcase classname="Com.TestLayer.ContactPageTest" name="validateHomePageTitle" time="0.011"/>
  <testcase classname="Com.TestLayer.ContactPageTest" name="validateHomePageLogo" time="4.131"/>
  <testcase classname="Com.TestLayer.ContactPageTest" name="validateCreateButton" time="0.249"/>
  <testcase classname="Com.TestLayer.ContactPageTest" name="validateFirstName" time="0.926"/>
  <testcase classname="Com.TestLayer.ContactPageTest" name="valideLastName" time="0.273"/>
  <testcase classname="Com.TestLayer.ContactPageTest" name="validateMiddleName" time="0.285"/>
  <testcase classname="Com.TestLayer.ContactPageTest" name="validatepublicAccess" time="0.155"/>
  <testcase classname="Com.TestLayer.ContactPageTest" name="validateDp" time="0.227"/>
  <testcase classname="Com.TestLayer.ContactPageTest" name="validateSaveButton" time="0.169"/>
</testsuite> <!-- End to End Testing -->
