<?xml version="1.0" encoding="UTF-8"?>
<!-- Generated by org.testng.reporters.JUnitXMLReporter -->
<testsuite ignored="0" hostname="DESKTOP-L28IVB5" failures="0" tests="10" name="End to End Testing" time="17.359" errors="0" timestamp="2021-09-29T20:37:46 IST">
  <testcase classname="Com.TestLayer.ContactPageTest" name="validateLoginFunctionality" time="2.849"/>
  <testcase classname="Com.TestLayer.ContactPageTest" name="validateHomePageTitle" time="0.026"/>
  <testcase classname="Com.TestLayer.ContactPageTest" name="validateHomePageLogo" time="4.316"/>
  <testcase classname="Com.TestLayer.ContactPageTest" name="validateCreateButton" time="0.781"/>
  <testcase classname="Com.TestLayer.ContactPageTest" name="validateFirstName" time="1.146"/>
  <testcase classname="Com.TestLayer.ContactPageTest" name="valideLastName" time="0.66"/>
  <testcase classname="Com.TestLayer.ContactPageTest" name="validateMiddleName" time="0.522"/>
  <testcase classname="Com.TestLayer.ContactPageTest" name="validatepublicAccess" time="0.345"/>
  <testcase classname="Com.TestLayer.ContactPageTest" name="validateDp" time="0.434"/>
  <testcase classname="Com.TestLayer.ContactPageTest" name="validateSaveButton" time="0.293"/>
</testsuite> <!-- End to End Testing -->
