<?xml version="1.0" encoding="UTF-8"?>
<!-- Generated by org.testng.reporters.JUnitReportReporter -->
<testsuite hostname="DESKTOP-L28IVB5" failures="0" tests="9" name="Com.TestLayer.HomePageTest" time="0.000" errors="1" timestamp="2021-10-02T18:53:22 IST" skipped="8">
  <testcase classname="Com.TestLayer.HomePageTest" name="setUp" time="0.000">
    <error type="java.lang.NullPointerException">
      <![CDATA[java.lang.NullPointerException
at java.base/java.util.concurrent.ConcurrentHashMap.putVal(ConcurrentHashMap.java:1011)
at java.base/java.util.concurrent.ConcurrentHashMap.put(ConcurrentHashMap.java:1006)
at java.base/java.util.Properties.put(Properties.java:1334)
at java.base/java.util.Properties.setProperty(Properties.java:229)
at java.base/java.lang.System.setProperty(System.java:915)
at Com.BaseLayer.BaseClass.initilization(BaseClass.java:38)
at Com.TestLayer.HomePageTest.setUp(HomePageTest.java:17)
at java.base/jdk.internal.reflect.NativeMethodAccessorImpl.invoke0(Native Method)
at java.base/jdk.internal.reflect.NativeMethodAccessorImpl.invoke(NativeMethodAccessorImpl.java:78)
at java.base/jdk.internal.reflect.DelegatingMethodAccessorImpl.invoke(DelegatingMethodAccessorImpl.java:43)
at java.base/java.lang.reflect.Method.invoke(Method.java:567)
at org.testng.internal.MethodInvocationHelper.invokeMethod(MethodInvocationHelper.java:134)
at org.testng.internal.MethodInvocationHelper.invokeMethodConsideringTimeout(MethodInvocationHelper.java:63)
at org.testng.internal.ConfigInvoker.invokeConfigurationMethod(ConfigInvoker.java:348)
at org.testng.internal.ConfigInvoker.invokeConfigurations(ConfigInvoker.java:302)
at org.testng.internal.TestMethodWorker.invokeBeforeClassMethods(TestMethodWorker.java:176)
at org.testng.internal.TestMethodWorker.run(TestMethodWorker.java:122)
at java.base/java.util.ArrayList.forEach(ArrayList.java:1511)
at org.testng.TestRunner.privateRun(TestRunner.java:766)
at org.testng.TestRunner.run(TestRunner.java:587)
at org.testng.SuiteRunner.runTest(SuiteRunner.java:384)
at org.testng.SuiteRunner.runSequentially(SuiteRunner.java:378)
at org.testng.SuiteRunner.privateRun(SuiteRunner.java:337)
at org.testng.SuiteRunner.run(SuiteRunner.java:286)
at org.testng.SuiteRunnerWorker.runSuite(SuiteRunnerWorker.java:53)
at org.testng.SuiteRunnerWorker.run(SuiteRunnerWorker.java:96)
at org.testng.TestNG.runSuitesSequentially(TestNG.java:1187)
at org.testng.TestNG.runSuitesLocally(TestNG.java:1109)
at org.testng.TestNG.runSuites(TestNG.java:1039)
at org.testng.TestNG.run(TestNG.java:1007)
at org.apache.maven.surefire.testng.TestNGExecutor.run(TestNGExecutor.java:77)
at org.apache.maven.surefire.testng.TestNGDirectoryTestSuite.executeMulti(TestNGDirectoryTestSuite.java:159)
at org.apache.maven.surefire.testng.TestNGDirectoryTestSuite.execute(TestNGDirectoryTestSuite.java:99)
at org.apache.maven.surefire.testng.TestNGProvider.invoke(TestNGProvider.java:106)
at java.base/jdk.internal.reflect.NativeMethodAccessorImpl.invoke0(Native Method)
at java.base/jdk.internal.reflect.NativeMethodAccessorImpl.invoke(NativeMethodAccessorImpl.java:78)
at java.base/jdk.internal.reflect.DelegatingMethodAccessorImpl.invoke(DelegatingMethodAccessorImpl.java:43)
at java.base/java.lang.reflect.Method.invoke(Method.java:567)
at org.apache.maven.surefire.util.ReflectionUtils.invokeMethodWithArray(ReflectionUtils.java:189)
at org.apache.maven.surefire.booter.ProviderFactory$ProviderProxy.invoke(ProviderFactory.java:165)
at org.apache.maven.surefire.booter.ProviderFactory.invokeProvider(ProviderFactory.java:85)
at org.apache.maven.surefire.booter.ForkedBooter.runSuitesInProcess(ForkedBooter.java:115)
at org.apache.maven.surefire.booter.ForkedBooter.main(ForkedBooter.java:75)
]]>
    </error>
  </testcase> <!-- setUp -->
  <system-out/>
  <testcase classname="Com.TestLayer.HomePageTest" name="validateLoginPage" time="0.000">
    <skipped/>
  </testcase> <!-- validateLoginPage -->
  <system-out/>
  <testcase classname="Com.TestLayer.HomePageTest" name="validateHomePageLogo" time="0.000">
    <skipped/>
  </testcase> <!-- validateHomePageLogo -->
  <system-out/>
  <testcase classname="Com.TestLayer.HomePageTest" name="validateLoggedUsername" time="0.000">
    <skipped/>
  </testcase> <!-- validateLoggedUsername -->
  <system-out/>
  <testcase classname="Com.TestLayer.HomePageTest" name="validateHomePageTitle" time="0.000">
    <skipped/>
  </testcase> <!-- validateHomePageTitle -->
  <system-out/>
  <testcase classname="Com.TestLayer.HomePageTest" name="validateHomeUrl" time="0.000">
    <skipped/>
  </testcase> <!-- validateHomeUrl -->
  <system-out/>
  <testcase classname="Com.TestLayer.HomePageTest" name="validateContactLink" time="0.000">
    <skipped/>
  </testcase> <!-- validateContactLink -->
  <system-out/>
  <testcase classname="Com.TestLayer.HomePageTest" name="validateDealsLink" time="0.000">
    <skipped/>
  </testcase> <!-- validateDealsLink -->
  <system-out/>
  <testcase classname="Com.TestLayer.HomePageTest" name="validateCompanies" time="0.000">
    <skipped/>
  </testcase> <!-- validateCompanies -->
  <system-out/>
</testsuite> <!-- Com.TestLayer.HomePageTest -->
